<?xml version="1.0" encoding="utf-8"?><testsuites name="pytest tests"><testsuite name="pytest" errors="0" failures="0" skipped="0" tests="6" time="2.401" timestamp="2026-09-19T21:16:47.635022+00:00" hostname="agent-env-b2702b48-9cf5-4408-bd4f-237cba560c71"><testcase classname="backend.tests.test_faq_category" name="test_faq_list_all" time="0.150" /><testcase classname="backend.tests.test_faq_category" name="test_faq_filter_reservar" time="0.153" /><testcase classname="backend.tests.test_faq_category" name="test_faq_filter_politicas" time="0.178" /><testcase classname="backend.tests.test_faq_category" name="test_faq_filter_unknown_returns_empty" time="0.128" /><testcase classname="backend.tests.test_faq_category" name="test_faq_admin_create_update_delete_with_category" time="1.163" /><testcase classname="backend.tests.test_faq_category" name="test_public_endpoints_healthy" time="0.564" /></testsuite></testsuites>