<?xml version="1.0" encoding="utf-8"?><testsuites name="pytest tests"><testsuite name="pytest" errors="0" failures="0" skipped="0" tests="8" time="2.972" timestamp="2026-07-01T23:21:16.566490+00:00" hostname="agent-env-b2702b48-9cf5-4408-bd4f-237cba560c71"><testcase classname="backend.tests.test_iteration5_pdf.TestPdfUpload" name="test_upload_pdf_returns_id_and_url" time="1.469" /><testcase classname="backend.tests.test_iteration5_pdf.TestPdfUpload" name="test_upload_txt_rejected" time="0.071" /><testcase classname="backend.tests.test_iteration5_pdf.TestPdfUpload" name="test_upload_image_still_works" time="0.286" /><testcase classname="backend.tests.test_iteration5_pdf.TestPdfUpload" name="test_upload_requires_auth" time="0.120" /><testcase classname="backend.tests.test_iteration5_pdf.TestTripPdfField" name="test_create_accepts_pdf_url" time="0.149" /><testcase classname="backend.tests.test_iteration5_pdf.TestTripPdfField" name="test_get_returns_pdf_url" time="0.339" /><testcase classname="backend.tests.test_iteration5_pdf.TestTripPdfField" name="test_update_pdf_url" time="0.348" /><testcase classname="backend.tests.test_iteration5_pdf.TestTripPdfField" name="test_seed_trips_have_empty_pdf" time="0.126" /></testsuite></testsuites>