<?xml version="1.0" encoding="utf-8"?><testsuites name="pytest tests"><testsuite name="pytest" errors="0" failures="0" skipped="0" tests="33" time="7.627" timestamp="2026-06-28T22:37:57.477898+00:00" hostname="agent-env-b2702b48-9cf5-4408-bd4f-237cba560c71"><testcase classname="backend.tests.backend_test.TestPublic" name="test_root" time="0.227" /><testcase classname="backend.tests.backend_test.TestPublic" name="test_list_trips" time="0.104" /><testcase classname="backend.tests.backend_test.TestPublic" name="test_filter_trips_by_country" time="0.104" /><testcase classname="backend.tests.backend_test.TestPublic" name="test_get_trip_by_id" time="0.219" /><testcase classname="backend.tests.backend_test.TestPublic" name="test_get_trip_404" time="0.101" /><testcase classname="backend.tests.backend_test.TestPublic" name="test_gallery" time="0.104" /><testcase classname="backend.tests.backend_test.TestPublic" name="test_testimonials" time="0.104" /><testcase classname="backend.tests.backend_test.TestPublic" name="test_create_reservation_public" time="0.256" /><testcase classname="backend.tests.backend_test.TestAuth" name="test_bad_login" time="0.354" /><testcase classname="backend.tests.backend_test.TestAuth" name="test_login_ok" time="0.324" /><testcase classname="backend.tests.backend_test.TestAuth" name="test_me_requires_auth" time="0.095" /><testcase classname="backend.tests.backend_test.TestAuth" name="test_me_with_bearer" time="0.103" /><testcase classname="backend.tests.backend_test.TestAuth" name="test_admin_endpoints_require_auth" time="0.221" /><testcase classname="backend.tests.backend_test.TestAdminCRUD" name="test_trip_crud" time="0.575" /><testcase classname="backend.tests.backend_test.TestAdminCRUD" name="test_reservation_status_update" time="0.538" /><testcase classname="backend.tests.backend_test.TestAdminCRUD" name="test_gallery_crud" time="0.197" /><testcase classname="backend.tests.backend_test.TestAdminCRUD" name="test_testimonial_crud" time="0.198" /><testcase classname="backend.tests.test_iteration3.TestSeedCounts" name="test_trips_count_ge_9" time="0.091" /><testcase classname="backend.tests.test_iteration3.TestSeedCounts" name="test_gallery_count_ge_12" time="0.101" /><testcase classname="backend.tests.test_iteration3.TestFAQ" name="test_public_faq_returns_8" time="0.096" /><testcase classname="backend.tests.test_iteration3.TestFAQ" name="test_admin_faq_requires_auth" time="0.259" /><testcase classname="backend.tests.test_iteration3.TestFAQ" name="test_faq_crud" time="0.896" /><testcase classname="backend.tests.test_iteration3.TestUpload" name="test_upload_requires_auth" time="0.099" /><testcase classname="backend.tests.test_iteration3.TestUpload" name="test_upload_rejects_non_image" time="0.094" /><testcase classname="backend.tests.test_iteration3.TestUpload" name="test_upload_image_and_serve" time="0.555" /><testcase classname="backend.tests.test_iteration3.TestUpload" name="test_upload_too_large" time="0.423" /><testcase classname="backend.tests.test_iteration3.TestUpload" name="test_serve_404" time="0.107" /><testcase classname="backend.tests.test_iteration4.TestTripFieldsMigration" name="test_all_trips_have_new_fields_after_migration" time="0.103" /><testcase classname="backend.tests.test_iteration4.TestTripFieldsMigration" name="test_region_matches_country" time="0.106" /><testcase classname="backend.tests.test_iteration4.TestTripFieldsMigration" name="test_pricing_tiers_backfilled" time="0.148" /><testcase classname="backend.tests.test_iteration4.TestTripFieldsMigration" name="test_get_single_trip_includes_new_fields" time="0.204" /><testcase classname="backend.tests.test_iteration4.TestReservationStillWorks" name="test_post_reservation" time="0.199" /><testcase classname="backend.tests.test_iteration4.TestLegacyRoutesFrontend" name="test_trip_detail_endpoint_shape" time="0.195" /></testsuite></testsuites>