<?xml version="1.0" encoding="utf-8"?><testsuites name="pytest tests"><testsuite name="pytest" errors="0" failures="0" skipped="0" tests="27" time="7.165" timestamp="2026-05-25T00:12:17.494821+00:00" hostname="agent-env-b2702b48-9cf5-4408-bd4f-237cba560c71"><testcase classname="backend.tests.test_iteration3.TestSeedCounts" name="test_trips_count_ge_9" time="0.259" /><testcase classname="backend.tests.test_iteration3.TestSeedCounts" name="test_gallery_count_ge_12" time="0.144" /><testcase classname="backend.tests.test_iteration3.TestFAQ" name="test_public_faq_returns_8" time="0.115" /><testcase classname="backend.tests.test_iteration3.TestFAQ" name="test_admin_faq_requires_auth" time="0.266" /><testcase classname="backend.tests.test_iteration3.TestFAQ" name="test_faq_crud" time="0.874" /><testcase classname="backend.tests.test_iteration3.TestUpload" name="test_upload_requires_auth" time="0.111" /><testcase classname="backend.tests.test_iteration3.TestUpload" name="test_upload_rejects_non_image" time="0.092" /><testcase classname="backend.tests.test_iteration3.TestUpload" name="test_upload_image_and_serve" time="0.539" /><testcase classname="backend.tests.test_iteration3.TestUpload" name="test_upload_too_large" time="0.461" /><testcase classname="backend.tests.test_iteration3.TestUpload" name="test_serve_404" time="0.122" /><testcase classname="backend.tests.backend_test.TestPublic" name="test_root" time="0.116" /><testcase classname="backend.tests.backend_test.TestPublic" name="test_list_trips" time="0.133" /><testcase classname="backend.tests.backend_test.TestPublic" name="test_filter_trips_by_country" time="0.113" /><testcase classname="backend.tests.backend_test.TestPublic" name="test_get_trip_by_id" time="0.420" /><testcase classname="backend.tests.backend_test.TestPublic" name="test_get_trip_404" time="0.101" /><testcase classname="backend.tests.backend_test.TestPublic" name="test_gallery" time="0.102" /><testcase classname="backend.tests.backend_test.TestPublic" name="test_testimonials" time="0.101" /><testcase classname="backend.tests.backend_test.TestPublic" name="test_create_reservation_public" time="0.250" /><testcase classname="backend.tests.backend_test.TestAuth" name="test_bad_login" time="0.331" /><testcase classname="backend.tests.backend_test.TestAuth" name="test_login_ok" time="0.363" /><testcase classname="backend.tests.backend_test.TestAuth" name="test_me_requires_auth" time="0.134" /><testcase classname="backend.tests.backend_test.TestAuth" name="test_me_with_bearer" time="0.142" /><testcase classname="backend.tests.backend_test.TestAuth" name="test_admin_endpoints_require_auth" time="0.220" /><testcase classname="backend.tests.backend_test.TestAdminCRUD" name="test_trip_crud" time="0.554" /><testcase classname="backend.tests.backend_test.TestAdminCRUD" name="test_reservation_status_update" time="0.537" /><testcase classname="backend.tests.backend_test.TestAdminCRUD" name="test_gallery_crud" time="0.216" /><testcase classname="backend.tests.backend_test.TestAdminCRUD" name="test_testimonial_crud" time="0.238" /></testsuite></testsuites>