<?xml version="1.0" encoding="utf-8"?><testsuites name="pytest tests"><testsuite name="pytest" errors="0" failures="0" skipped="0" tests="3" time="2.787" timestamp="2026-09-13T04:21:39.810950+00:00" hostname="agent-env-b2702b48-9cf5-4408-bd4f-237cba560c71"><testcase classname="backend.tests.test_trips_catalog" name="test_trips_count_and_taxonomy" time="0.388" /><testcase classname="backend.tests.test_trips_catalog" name="test_trips_have_cover_images_reachable" time="1.213" /><testcase classname="backend.tests.test_trips_catalog" name="test_admin_create_soldout_and_delete" time="1.117" /></testsuite></testsuites>